
 *******************************************************************************

         NASA-LEWIS CHEMICAL EQUILIBRIUM PROGRAM CEA,  SEP. 4, 1997
                   BY  BONNIE MCBRIDE AND SANFORD GORDON
      REFS: NASA RP-1311, PART I, 1994 AND NASA RP-1311, PART II, 1996

 *******************************************************************************



 problem  rkt fr o/f=   1.4000 p,bar=    10.34
 subar=
 supar=   34.4398    34.4398    34.4398    34.4398    34.4398    34.4398    34.43
 98    34.4398    34.4398    34.4398
  WARNING!!  DID NOT RECOGNIZE subar           (INPUT)

  reactants
  reac fu = RP-1 w%=0.5 t(k)=293.15 ox = O2 w%=0.5 t(k)=293.15
  output plot trans mach gamma t visc Cp p Ae/At Prandtl
  end

 OPTIONS: TP=F  HP=F  SP=F  TV=F  UV=F  SV=F  DETN=F  SHOCK=F  REFL=F  INCD=F
 RKT=T  FROZ=T  EQL=F  IONS=F  SIUNIT=T  DEBUGF=F  SHKDBG=F  DETDBG=F  TRNSPT=T

 TRACE= 0.00E+00  S/R= 0.000000E+00  H/R= 0.000000E+00  U/R= 0.000000E+00

 Pc,BAR =    10.340000

 Pc/P =

 SUBSONIC AREA RATIOS =

 SUPERSONIC AREA RATIOS =    34.4398    34.4398    34.4398    34.4398    34.4398
    34.4398    34.4398    34.4398    34.4398    34.4398

 NFZ=  1  Mdot/Ac= 0.000000E+00  Ac/At= 0.000000E+00

 WARNING!! T=   293.15K DIFFERS FROM   298.15K FOR RP-1            (REACT)

    REACTANT          WT.FRAC   (ENERGY/R),K   TEMP,K  DENSITY
        EXPLODED FORMULA
 F: RP-1             1.000000   -.297284E+04   298.15   .0000
          C  1.00000  H  1.95000
 O: O2               1.000000   -.176597E+02   293.15   .0000
          O  2.00000

       SPECIES BEING CONSIDERED IN THIS SYSTEM
 (CONDENSED PHASE MAY HAVE NAME LISTED SEVERAL TIMES)

  g 7/97  *C               tpis79  *CH              g 4/02  CH2            
  g 4/02  CH3              g11/00  CH2OH            g 7/00  CH3O           
  g 8/99  CH4              g 7/00  CH3OH            srd 01  CH3OOH         
  tpis79  *CO              g 9/99  *CO2             tpis91  COOH           
  tpis91  *C2              g 6/01  C2H              g 1/91  C2H2,acetylene 
  g 5/01  C2H2,vinylidene  g 4/02  CH2CO,ketene     g 3/02  O(CH)2O        
  srd 01  HO(CO)2OH        g 7/01  C2H3,vinyl       g 6/96  CH3CO,acetyl   
  g 1/00  C2H4             g 8/88  C2H4O,ethylen-o  g 8/88  CH3CHO,ethanal 
  g 6/00  CH3COOH          srd 01  OHCH2COOH        g 7/00  C2H5           
  g 7/00  C2H6             g 8/88  C2H5OH           g 7/00  CH3OCH3        
  srd 01  CH3O2CH3         g 8/00  C2O              tpis79  *C3            
  n 4/98  C3H3,1-propynl   n 4/98  C3H3,2-propynl   g 2/00  C3H4,allene    
  g 1/00  C3H4,propyne     g 5/90  C3H4,cyclo-      g 3/01  C3H5,allyl     
  g 2/00  C3H6,propylene   g 1/00  C3H6,cyclo-      g 6/01  C3H6O,propylox 
  g 6/97  C3H6O,acetone    g 1/02  C3H6O,propanal   g 7/01  C3H7,n-propyl  
  g 9/85  C3H7,i-propyl    g 2/00  C3H8             g 2/00  C3H8O,1propanol
  g 2/00  C3H8O,2propanol  g 7/88  C3O2             g tpis  *C4            
  g 7/01  C4H2,butadiyne   g 8/00  C4H4,1,3-cyclo-  n10/92  C4H6,butadiene 
  n10/93  C4H6,1butyne     n10/93  C4H6,2butyne     g 8/00  C4H6,cyclo-    
  n 4/88  C4H8,1-butene    n 4/88  C4H8,cis2-buten  n 4/88  C4H8,tr2-butene
  n 4/88  C4H8,isobutene   g 8/00  C4H8,cyclo-      g10/00  (CH3COOH)2     
  n10/84  C4H9,n-butyl     n10/84  C4H9,i-butyl     g 1/93  C4H9,s-butyl   
  g 1/93  C4H9,t-butyl     g12/00  C4H10,n-butane   g 8/00  C4H10,isobutane
  g 8/00  *C5              g 5/90  C5H6,1,3cyclo-   g 1/93  C5H8,cyclo-    
  n 4/87  C5H10,1-pentene  g 2/01  C5H10,cyclo-     n10/84  C5H11,pentyl   
  g 1/93  C5H11,t-pentyl   n10/85  C5H12,n-pentane  n10/85  C5H12,i-pentane
  n10/85  CH3C(CH3)2CH3    g 2/93  C6H2             g11/00  C6H5,phenyl    
  g 8/00  C6H5O,phenoxy    g 8/00  C6H6             g 8/00  C6H5OH,phenol  
  g 1/93  C6H10,cyclo-     n 4/87  C6H12,1-hexene   g 6/90  C6H12,cyclo-   
  n10/83  C6H13,n-hexyl    g 6/01  C6H14,n-hexane   g 7/01  C7H7,benzyl    
  g 1/93  C7H8             g12/00  C7H8O,cresol-mx  n 4/87  C7H14,1-heptene
  n10/83  C7H15,n-heptyl   n10/85  C7H16,n-heptane  n10/85  C7H16,2-methylh
  n 4/89  C8H8,styrene     n10/86  C8H10,ethylbenz  n 4/87  C8H16,1-octene 
  n10/83  C8H17,n-octyl    n 4/85  C8H18,n-octane   n 4/85  C8H18,isooctane
  n10/83  C9H19,n-nonyl    g 3/01  C10H8,naphthale  n10/83  C10H21,n-decyl 
  g 8/00  C12H9,o-bipheny  g 8/00  C12H10,biphenyl  g 6/97  *H             
  g 1/01  HCO              g 6/01  HCCO             g 4/02  HO2            
  tpis78  *H2              g 5/01  HCHO,formaldehy  g 6/01  HCOOH          
  g 8/89  H2O              g 6/99  H2O2             g 6/01  (HCOOH)2       
  g 5/97  *O               g 4/02  *OH              tpis89  *O2            
  g 8/01  O3               n 4/83  C(gr)            n 4/83  C(gr)          
  n 4/83  C(gr)            g11/99  H2O(cr)          g 8/01  H2O(L)         
  g 8/01  H2O(L)         

 SPECIES WITH TRANSPORT PROPERTIES

        PURE SPECIES

  C                 CH4               CH3OH             CO              
  CO2               C2H2,acetylene  
  C2H4              C2H6              C2H5OH            H               
  H2                H2O             
  O                 OH                O2              

     BINARY INTERACTIONS

     C               O               
     CH4             O2              
     CO              CO2             
     CO              O2              
     CO2             H2              
     CO2             H2O             
     CO2             O2              
     H               H2              
     H               O               
     H2              H2O             
     H2              O2              
     H2O             O2              
     O               O2              


 O/F =   1.400000

                       EFFECTIVE FUEL     EFFECTIVE OXIDANT        MIXTURE
 ENTHALPY                  h(2)/R              h(1)/R               h0/R
 (KG-MOL)(K)/KG        -.21270294E+03      -.55188616E+00      -.88948159E+02

 KG-FORM.WT./KG             bi(2)               bi(1)               b0i
  *C                    .71548758E-01       .00000000E+00       .29811982E-01
  *H                    .13952008E+00       .00000000E+00       .58133367E-01
  *O                    .00000000E+00       .62502344E-01       .36459701E-01

 POINT ITN      T            C           H           O 
   1   20    2356.308     -10.302      -9.298     -22.001





           THEORETICAL ROCKET PERFORMANCE ASSUMING FROZEN COMPOSITION

 Pinj =   150.0 PSIA
 CASE =                

             REACTANT                    WT FRACTION      ENERGY      TEMP
                                          (SEE NOTE)     KJ/KG-MOL      K  
 FUEL        RP-1                         1.0000000    -24717.700    298.150
 OXIDANT     O2                           1.0000000      -146.832    293.150

 O/F=    1.40000  %FUEL= 41.666667  R,EQ.RATIO= 2.432567  PHI,EQ.RATIO= 2.432567

                 CHAMBER   THROAT     EXIT     EXIT     EXIT     EXIT     EXIT     EXIT     EXIT     EXIT     EXIT     EXIT
 Pinf/P            1.0000   1.8236   666.34   666.34   666.34   666.34   666.34   666.34   666.34   666.34   666.34   666.34
 P, BAR            10.340   5.6702   .01552   .01552   .01552   .01552   .01552   .01552   .01552   .01552   .01552   .01552
 T, K             2356.31  2065.20   474.57   474.57   474.57   474.57   474.57   474.57   474.57   474.57   474.57   474.57
 RHO, KG/CU M    8.9520-1 5.6010-1 6.6705-3 6.6705-3 6.6705-3 6.6705-3 6.6705-3 6.6705-3 6.6705-3 6.6705-3 6.6705-3 6.6705-3
 H, KJ/KG         -739.56 -1389.83 -4605.02 -4605.02 -4605.02 -4605.02 -4605.02 -4605.02 -4605.02 -4605.02 -4605.02 -4605.02
 U, KJ/KG        -1894.61 -2402.18 -4837.65 -4837.65 -4837.65 -4837.65 -4837.65 -4837.65 -4837.65 -4837.65 -4837.65 -4837.65
 G, KJ/KG        -32321.9 -29070.3 -10965.8 -10965.8 -10965.8 -10965.8 -10965.8 -10965.8 -10965.8 -10965.8 -10965.8 -10965.8
 S, KJ/(KG)(K)    13.4033  13.4033  13.4033  13.4033  13.4033  13.4033  13.4033  13.4033  13.4033  13.4033  13.4033  13.4033

 M, (1/n)          16.962   16.962   16.962   16.962   16.962   16.962   16.962   16.962   16.962   16.962   16.962   16.962
 Cp, KJ/(KG)(K)    2.2543   2.2119   1.7829   1.7829   1.7829   1.7829   1.7829   1.7829   1.7829   1.7829   1.7829   1.7829
 GAMMAs            1.2779   1.2847   1.3792   1.3792   1.3792   1.3792   1.3792   1.3792   1.3792   1.3792   1.3792   1.3792
 SON VEL,M/SEC     1214.9   1140.4    566.4    566.4    566.4    566.4    566.4    566.4    566.4    566.4    566.4    566.4
 MACH NUMBER         .000    1.000    4.909    4.909    4.909    4.909    4.909    4.909    4.909    4.909    4.909    4.909

 TRANSPORT PROPERTIES (GASES ONLY)
   CONDUCTIVITY IN UNITS OF MILLIWATTS/(CM)(K)

 VISC,MILLIPOISE   .73166   .66655   .23495   .23495   .23495   .23495   .23495   .23495   .23495   .23495   .23495   .23495

  WITH FROZEN REACTIONS

 Cp, KJ/(KG)(K)    2.2543   2.2119   1.7829   1.7829   1.7829   1.7829   1.7829   1.7829   1.7829   1.7829   1.7829   1.7829
 CONDUCTIVITY      3.2434   2.8780    .8686    .8686    .8686    .8686    .8686    .8686    .8686    .8686    .8686    .8686
 PRANDTL NUMBER     .5085    .5123    .4823    .4823    .4823    .4823    .4823    .4823    .4823    .4823    .4823    .4823

 PERFORMANCE PARAMETERS

 Ae/At                      1.0000   34.440   34.440   34.440   34.440   34.440   34.440   34.440   34.440   34.440   34.440
 CSTAR, M/SEC               1618.8   1618.8   1618.8   1618.8   1618.8   1618.8   1618.8   1618.8   1618.8   1618.8   1618.8
 CF                          .7045   1.7176   1.7176   1.7176   1.7176   1.7176   1.7176   1.7176   1.7176   1.7176   1.7176
 Ivac, M/SEC                2028.1   2864.1   2864.1   2864.1   2864.1   2864.1   2864.1   2864.1   2864.1   2864.1   2864.1
 Isp, M/SEC                 1140.4   2780.5   2780.5   2780.5   2780.5   2780.5   2780.5   2780.5   2780.5   2780.5   2780.5

 MOLE FRACTIONS

 *CO              .48602   *CO2             .01963   *H               .00253
 *H2              .39869   H2O              .09301   *OH              .00011

  * THERMODYNAMIC PROPERTIES FITTED TO 20000.K

    PRODUCTS WHICH WERE CONSIDERED BUT WHOSE      FRACTIONS
    WERE LESS THAN 5.000000E-06 FOR ALL ASSIGNED CONDITIONS



 NOTE. WEIGHT FRACTION OF FUEL IN TOTAL FUELS AND OF OXIDANT IN TOTAL OXIDANTS



