
 *******************************************************************************

         NASA-LEWIS CHEMICAL EQUILIBRIUM PROGRAM CEA,  SEP. 4, 1997
                   BY  BONNIE MCBRIDE AND SANFORD GORDON
      REFS: NASA RP-1311, PART I, 1994 AND NASA RP-1311, PART II, 1996

 *******************************************************************************



 problem  rkt fr o/f=   1.2000 p,bar=    17.24
 subar=
 supar=    2.6951     2.7053     2.7156     2.7260     2.7363     2.7467     2.75
 71     2.7675     2.7779     2.7883
  WARNING!!  DID NOT RECOGNIZE subar           (INPUT)

  reactants
  reac fu = C2H5OH(L) h,j/mol=-1367000 w%=0.5 t(k)=293.15 ox = O2(L) w%=0.5 t(k)=
 90
  output plot trans mach gamma t visc Cp p Ae/At Prandtl
  end

 OPTIONS: TP=F  HP=F  SP=F  TV=F  UV=F  SV=F  DETN=F  SHOCK=F  REFL=F  INCD=F
 RKT=T  FROZ=T  EQL=F  IONS=F  SIUNIT=T  DEBUGF=F  SHKDBG=F  DETDBG=F  TRNSPT=T

 TRACE= 0.00E+00  S/R= 0.000000E+00  H/R= 0.000000E+00  U/R= 0.000000E+00

 Pc,BAR =    17.240000

 Pc/P =

 SUBSONIC AREA RATIOS =

 SUPERSONIC AREA RATIOS =     2.6951     2.7053     2.7156     2.7260     2.7363
     2.7467     2.7571     2.7675     2.7779     2.7883

 NFZ=  1  Mdot/Ac= 0.000000E+00  Ac/At= 0.000000E+00

 WARNING!! T=    90.00K DIFFERS FROM    90.17K FOR O2(L)           (REACT)

    REACTANT          WT.FRAC   (ENERGY/R),K   TEMP,K  DENSITY
        EXPLODED FORMULA
 F: C2H5OH(L)        1.000000   -.334435E+05   293.15   .0000
          C  2.00000  H  6.00000  O  1.00000
 O: O2(L)            1.000000   -.156101E+04    90.17   .0000
          O  2.00000

       SPECIES BEING CONSIDERED IN THIS SYSTEM
 (CONDENSED PHASE MAY HAVE NAME LISTED SEVERAL TIMES)

  g 7/97  *C               tpis79  *CH              g 4/02  CH2            
  g 4/02  CH3              g11/00  CH2OH            g 7/00  CH3O           
  g 8/99  CH4              g 7/00  CH3OH            srd 01  CH3OOH         
  tpis79  *CO              g 9/99  *CO2             tpis91  COOH           
  tpis91  *C2              g 6/01  C2H              g 1/91  C2H2,acetylene 
  g 5/01  C2H2,vinylidene  g 4/02  CH2CO,ketene     g 3/02  O(CH)2O        
  srd 01  HO(CO)2OH        g 7/01  C2H3,vinyl       g 6/96  CH3CO,acetyl   
  g 1/00  C2H4             g 8/88  C2H4O,ethylen-o  g 8/88  CH3CHO,ethanal 
  g 6/00  CH3COOH          srd 01  OHCH2COOH        g 7/00  C2H5           
  g 7/00  C2H6             g 8/88  C2H5OH           g 7/00  CH3OCH3        
  srd 01  CH3O2CH3         g 8/00  C2O              tpis79  *C3            
  n 4/98  C3H3,1-propynl   n 4/98  C3H3,2-propynl   g 2/00  C3H4,allene    
  g 1/00  C3H4,propyne     g 5/90  C3H4,cyclo-      g 3/01  C3H5,allyl     
  g 2/00  C3H6,propylene   g 1/00  C3H6,cyclo-      g 6/01  C3H6O,propylox 
  g 6/97  C3H6O,acetone    g 1/02  C3H6O,propanal   g 7/01  C3H7,n-propyl  
  g 9/85  C3H7,i-propyl    g 2/00  C3H8             g 2/00  C3H8O,1propanol
  g 2/00  C3H8O,2propanol  g 7/88  C3O2             g tpis  *C4            
  g 7/01  C4H2,butadiyne   g 8/00  C4H4,1,3-cyclo-  n10/92  C4H6,butadiene 
  n10/93  C4H6,1butyne     n10/93  C4H6,2butyne     g 8/00  C4H6,cyclo-    
  n 4/88  C4H8,1-butene    n 4/88  C4H8,cis2-buten  n 4/88  C4H8,tr2-butene
  n 4/88  C4H8,isobutene   g 8/00  C4H8,cyclo-      g10/00  (CH3COOH)2     
  n10/84  C4H9,n-butyl     n10/84  C4H9,i-butyl     g 1/93  C4H9,s-butyl   
  g 1/93  C4H9,t-butyl     g12/00  C4H10,n-butane   g 8/00  C4H10,isobutane
  g 8/00  *C5              g 5/90  C5H6,1,3cyclo-   g 1/93  C5H8,cyclo-    
  n 4/87  C5H10,1-pentene  g 2/01  C5H10,cyclo-     n10/84  C5H11,pentyl   
  g 1/93  C5H11,t-pentyl   n10/85  C5H12,n-pentane  n10/85  C5H12,i-pentane
  n10/85  CH3C(CH3)2CH3    g 2/93  C6H2             g11/00  C6H5,phenyl    
  g 8/00  C6H5O,phenoxy    g 8/00  C6H6             g 8/00  C6H5OH,phenol  
  g 1/93  C6H10,cyclo-     n 4/87  C6H12,1-hexene   g 6/90  C6H12,cyclo-   
  n10/83  C6H13,n-hexyl    g 6/01  C6H14,n-hexane   g 7/01  C7H7,benzyl    
  g 1/93  C7H8             g12/00  C7H8O,cresol-mx  n 4/87  C7H14,1-heptene
  n10/83  C7H15,n-heptyl   n10/85  C7H16,n-heptane  n10/85  C7H16,2-methylh
  n 4/89  C8H8,styrene     n10/86  C8H10,ethylbenz  n 4/87  C8H16,1-octene 
  n10/83  C8H17,n-octyl    n 4/85  C8H18,n-octane   n 4/85  C8H18,isooctane
  n10/83  C9H19,n-nonyl    g 3/01  C10H8,naphthale  n10/83  C10H21,n-decyl 
  g 8/00  C12H9,o-bipheny  g 8/00  C12H10,biphenyl  g 6/97  *H             
  g 1/01  HCO              g 6/01  HCCO             g 4/02  HO2            
  tpis78  *H2              g 5/01  HCHO,formaldehy  g 6/01  HCOOH          
  g 8/89  H2O              g 6/99  H2O2             g 6/01  (HCOOH)2       
  g 5/97  *O               g 4/02  *OH              tpis89  *O2            
  g 8/01  O3               n 4/83  C(gr)            n 4/83  C(gr)          
  n 4/83  C(gr)            g11/99  H2O(cr)          g 8/01  H2O(L)         
  g 8/01  H2O(L)         

 SPECIES WITH TRANSPORT PROPERTIES

        PURE SPECIES

  C                 CH4               CH3OH             CO              
  CO2               C2H2,acetylene  
  C2H4              C2H6              C2H5OH            H               
  H2                H2O             
  O                 OH                O2              

     BINARY INTERACTIONS

     C               O               
     CH4             O2              
     CO              CO2             
     CO              O2              
     CO2             H2              
     CO2             H2O             
     CO2             O2              
     H               H2              
     H               O               
     H2              H2O             
     H2              O2              
     H2O             O2              
     O               O2              


 O/F =   1.200000

                       EFFECTIVE FUEL     EFFECTIVE OXIDANT        MIXTURE
 ENTHALPY                  h(2)/R              h(1)/R               h0/R
 (KG-MOL)(K)/KG        -.72594342E+03      -.48783267E+02      -.35658334E+03

 KG-FORM.WT./KG             bi(2)               bi(1)               b0i
  *C                    .43413103E-01       .00000000E+00       .19733229E-01
  *H                    .13023931E+00       .00000000E+00       .59199687E-01
  *O                    .21706552E-01       .62502344E-01       .43958802E-01

 POINT ITN      T            C           H           O 
   1   21    2810.988     -13.871      -9.700     -18.104





           THEORETICAL ROCKET PERFORMANCE ASSUMING FROZEN COMPOSITION

 Pinj =   250.0 PSIA
 CASE =                

             REACTANT                    WT FRACTION      ENERGY      TEMP
                                          (SEE NOTE)     KJ/KG-MOL      K  
 FUEL        C2H5OH(L)                    1.0000000   -278066.451    293.150
 OXIDANT     O2(L)                        1.0000000    -12979.000     90.170

 O/F=    1.20000  %FUEL= 45.454545  R,EQ.RATIO= 1.571160  PHI,EQ.RATIO= 1.736459

                 CHAMBER   THROAT     EXIT     EXIT     EXIT     EXIT     EXIT     EXIT     EXIT     EXIT     EXIT     EXIT
 Pinf/P            1.0000   1.7851   13.717   13.796   13.876   13.957   14.037   14.118   14.199   14.280   14.362   14.443
 P, BAR            17.240   9.6576   1.2568   1.2496   1.2424   1.2352   1.2282   1.2211   1.2142   1.2073   1.2004   1.1936
 T, K             2810.99  2532.43  1726.82  1724.89  1722.94  1720.99  1719.07  1717.14  1715.22  1713.31  1711.40  1709.51
 RHO, KG/CU M    1.4838 0 9.2264-1 1.7609-1 1.7528-1 1.7446-1 1.7365-1 1.7285-1 1.7205-1 1.7126-1 1.7048-1 1.6970-1 1.6893-1
 H, KJ/KG        -2964.82 -3604.25 -5381.62 -5385.72 -5389.83 -5393.97 -5398.04 -5402.13 -5406.19 -5410.24 -5414.26 -5418.26
 U, KJ/KG        -4126.68 -4650.98 -6095.36 -6098.66 -6101.98 -6105.30 -6108.58 -6111.87 -6115.14 -6118.39 -6121.63 -6124.85
 G, KJ/KG        -38418.9 -35545.0 -27161.5 -27141.2 -27120.8 -27100.3 -27080.1 -27059.9 -27039.7 -27019.6 -26999.7 -26979.8
 S, KJ/(KG)(K)    12.6127  12.6127  12.6127  12.6127  12.6127  12.6127  12.6127  12.6127  12.6127  12.6127  12.6127  12.6127

 M, (1/n)          20.116   20.116   20.116   20.116   20.116   20.116   20.116   20.116   20.116   20.116   20.116   20.116
 Cp, KJ/(KG)(K)    2.3129   2.2770   2.1191   2.1186   2.1181   2.1175   2.1170   2.1165   2.1160   2.1155   2.1150   2.1145
 GAMMAs            1.2176   1.2218   1.2423   1.2424   1.2425   1.2425   1.2426   1.2427   1.2428   1.2428   1.2429   1.2430
 SON VEL,M/SEC     1189.4   1130.9    941.6    941.1    940.6    940.1    939.6    939.1    938.6    938.1    937.7    937.2
 MACH NUMBER         .000    1.000    2.335    2.338    2.341    2.345    2.348    2.351    2.354    2.357    2.361    2.364

 TRANSPORT PROPERTIES (GASES ONLY)
   CONDUCTIVITY IN UNITS OF MILLIWATTS/(CM)(K)

 VISC,MILLIPOISE   .90755   .84119   .63507   .63454   .63401   .63347   .63295   .63242   .63190   .63137   .63085   .63033

  WITH FROZEN REACTIONS

 Cp, KJ/(KG)(K)    2.3129   2.2770   2.1191   2.1186   2.1181   2.1176   2.1170   2.1165   2.1160   2.1155   2.1150   2.1145
 CONDUCTIVITY      3.3390   3.0287   2.0880   2.0857   2.0833   2.0810   2.0787   2.0764   2.0740   2.0717   2.0694   2.0672
 PRANDTL NUMBER     .6287    .6324    .6445    .6445    .6446    .6446    .6446    .6447    .6447    .6447    .6447    .6448

 PERFORMANCE PARAMETERS

 Ae/At                      1.0000   2.6951   2.7053   2.7156   2.7260   2.7363   2.7467   2.7571   2.7675   2.7779   2.7883
 CSTAR, M/SEC               1652.3   1652.3   1652.3   1652.3   1652.3   1652.3   1652.3   1652.3   1652.3   1652.3   1652.3
 CF                          .6844   1.3306   1.3317   1.3329   1.3340   1.3351   1.3362   1.3373   1.3384   1.3395   1.3406
 Ivac, M/SEC                2056.5   2523.2   2524.4   2525.6   2526.9   2528.1   2529.3   2530.5   2531.7   2532.9   2534.1
 Isp, M/SEC                 1130.9   2198.5   2200.4   2202.3   2204.2   2206.0   2207.9   2209.7   2211.5   2213.3   2215.1

 MOLE FRACTIONS

 *CO              .30831   *CO2             .08864   *H               .00907
 *H2              .19542   H2O              .39265   *O               .00015
 *OH              .00563   *O2              .00012

  * THERMODYNAMIC PROPERTIES FITTED TO 20000.K

    PRODUCTS WHICH WERE CONSIDERED BUT WHOSE      FRACTIONS
    WERE LESS THAN 5.000000E-06 FOR ALL ASSIGNED CONDITIONS



 NOTE. WEIGHT FRACTION OF FUEL IN TOTAL FUELS AND OF OXIDANT IN TOTAL OXIDANTS



